<?xml version="1.0" encoding="UTF-8"?>
<!-- Generated by org.testng.reporters.JUnitReportReporter -->
<testsuite skipped="0" hostname="DESKTOP-MSUD20F" name="com.training.functional.tests.TeacherAddNewCourse_ELTC032" tests="5" failures="0" timestamp="05 Feb 2019 04:42:18 GMT" time="34.650" errors="0">
  <testcase name="setUp" time="9.222" classname="com.training.functional.tests.TeacherAddNewCourse_ELTC032"/>
  <testcase name="validLoginTest" time="3.772" classname="com.training.functional.tests.TeacherAddNewCourse_ELTC032"/>
  <testcase name="teacherAddNewCourse" time="19.471" classname="com.training.functional.tests.TeacherAddNewCourse_ELTC032"/>
  <testcase name="verifyIntroductionText" time="0.445" classname="com.training.functional.tests.TeacherAddNewCourse_ELTC032"/>
  <testcase name="tearDown" time="1.740" classname="com.training.functional.tests.TeacherAddNewCourse_ELTC032"/>
</testsuite> <!-- com.training.functional.tests.TeacherAddNewCourse_ELTC032 -->
