<?xml version="1.0" encoding="UTF-8"?>
<!-- Generated by org.testng.reporters.JUnitReportReporter -->
<testsuite skipped="0" hostname="DESKTOP-MSUD20F" name="com.training.regression.tests.LoginExcelTest" tests="3" failures="0" timestamp="07 Feb 2019 06:39:02 GMT" time="49.170" errors="0">
  <testcase name="loginDBTest" time="19.392" classname="com.training.regression.tests.LoginExcelTest"/>
  <testcase name="loginDBTest" time="15.328" classname="com.training.regression.tests.LoginExcelTest"/>
  <testcase name="loginDBTest" time="14.450" classname="com.training.regression.tests.LoginExcelTest"/>
</testsuite> <!-- com.training.regression.tests.LoginExcelTest -->
