<?xml version="1.0" encoding="UTF-8"?>
<!-- Generated by org.testng.reporters.JUnitReportReporter -->
<testsuite skipped="0" hostname="DESKTOP-MSUD20F" name="com.training.functional.tests.TeacherAddDescription_ELTC061" tests="11" failures="0" timestamp="29 Jan 2019 10:08:20 GMT" time="79.054" errors="0">
  <testcase name="setUp" time="9.228" classname="com.training.functional.tests.TeacherAddDescription_ELTC061"/>
  <testcase name="validLoginTest" time="8.301" classname="com.training.functional.tests.TeacherAddDescription_ELTC061"/>
  <testcase name="teacherAddNewCourse" time="27.181" classname="com.training.functional.tests.TeacherAddDescription_ELTC061"/>
  <testcase name="verifyIntroductionText" time="0.452" classname="com.training.functional.tests.TeacherAddDescription_ELTC061"/>
  <testcase name="teacherAddCourseDescription" time="16.489" classname="com.training.functional.tests.TeacherAddDescription_ELTC061"/>
  <testcase name="verifyDescriptionUpdateText" time="0.363" classname="com.training.functional.tests.TeacherAddDescription_ELTC061"/>
  <testcase name="teacherAddCourseObjectives" time="7.439" classname="com.training.functional.tests.TeacherAddDescription_ELTC061"/>
  <testcase name="verifyObjectivesUpdateText" time="0.401" classname="com.training.functional.tests.TeacherAddDescription_ELTC061"/>
  <testcase name="teacherAddCourseTopics" time="6.934" classname="com.training.functional.tests.TeacherAddDescription_ELTC061"/>
  <testcase name="verifyTopicsUpdateText" time="0.380" classname="com.training.functional.tests.TeacherAddDescription_ELTC061"/>
  <testcase name="tearDown" time="1.886" classname="com.training.functional.tests.TeacherAddDescription_ELTC061"/>
</testsuite> <!-- com.training.functional.tests.TeacherAddDescription_ELTC061 -->
