<?xml version="1.0" encoding="UTF-8"?>
<!-- Generated by org.testng.reporters.JUnitReportReporter -->
<testsuite skipped="0" hostname="DESKTOP-MSUD20F" name="com.training.functional.tests.TeacherAddDescription_ELTC061" tests="11" failures="0" timestamp="05 Feb 2019 12:33:00 GMT" time="55.127" errors="0">
  <testcase name="setUp" time="10.875" classname="com.training.functional.tests.TeacherAddDescription_ELTC061"/>
  <testcase name="validLoginTest" time="5.796" classname="com.training.functional.tests.TeacherAddDescription_ELTC061"/>
  <testcase name="teacherAddNewCourse" time="20.993" classname="com.training.functional.tests.TeacherAddDescription_ELTC061"/>
  <testcase name="verifyIntroductionText" time="0.462" classname="com.training.functional.tests.TeacherAddDescription_ELTC061"/>
  <testcase name="teacherAddCourseDescription" time="6.104" classname="com.training.functional.tests.TeacherAddDescription_ELTC061"/>
  <testcase name="verifyDescriptionUpdateText" time="0.383" classname="com.training.functional.tests.TeacherAddDescription_ELTC061"/>
  <testcase name="teacherAddCourseObjectives" time="3.789" classname="com.training.functional.tests.TeacherAddDescription_ELTC061"/>
  <testcase name="verifyObjectivesUpdateText" time="0.449" classname="com.training.functional.tests.TeacherAddDescription_ELTC061"/>
  <testcase name="teacherAddCourseTopics" time="4.144" classname="com.training.functional.tests.TeacherAddDescription_ELTC061"/>
  <testcase name="verifyTopicsUpdateText" time="0.388" classname="com.training.functional.tests.TeacherAddDescription_ELTC061"/>
  <testcase name="tearDown" time="1.744" classname="com.training.functional.tests.TeacherAddDescription_ELTC061"/>
</testsuite> <!-- com.training.functional.tests.TeacherAddDescription_ELTC061 -->
