<?xml version="1.0" encoding="UTF-8"?>
<!-- Generated by org.testng.reporters.JUnitReportReporter -->
<testsuite skipped="0" hostname="DESKTOP-MSUD20F" name="com.training.functional.tests.TeacherAddCourseAndStudentSubscribeCourse_ELTC94" tests="8" failures="0" timestamp="14 Feb 2019 06:45:04 GMT" time="121.493" errors="0">
  <testcase name="setUp" time="11.385" classname="com.training.functional.tests.TeacherAddCourseAndStudentSubscribeCourse_ELTC94"/>
  <testcase name="validLoginTest" time="5.732" classname="com.training.functional.tests.TeacherAddCourseAndStudentSubscribeCourse_ELTC94"/>
  <testcase name="teacherAddNewCourse" time="49.329" classname="com.training.functional.tests.TeacherAddCourseAndStudentSubscribeCourse_ELTC94"/>
  <testcase name="validLoginTestforStudent" time="3.057" classname="com.training.functional.tests.TeacherAddCourseAndStudentSubscribeCourse_ELTC94"/>
  <testcase name="studentSubscribeCourseandTakeAssessment" time="12.134" classname="com.training.functional.tests.TeacherAddCourseAndStudentSubscribeCourse_ELTC94"/>
  <testcase name="validLoginTestforAdmin" time="3.856" classname="com.training.functional.tests.TeacherAddCourseAndStudentSubscribeCourse_ELTC94"/>
  <testcase name="adminSubscribeCourseandTakeStudentReport" time="35.206" classname="com.training.functional.tests.TeacherAddCourseAndStudentSubscribeCourse_ELTC94"/>
  <testcase name="tearDown" time="0.794" classname="com.training.functional.tests.TeacherAddCourseAndStudentSubscribeCourse_ELTC94"/>
</testsuite> <!-- com.training.functional.tests.TeacherAddCourseAndStudentSubscribeCourse_ELTC94 -->
