<?xml version="1.0" encoding="UTF-8"?>
<!-- Generated by org.testng.reporters.JUnitReportReporter -->
<testsuite skipped="0" hostname="DESKTOP-MSUD20F" name="com.training.functional.tests.TeacherCreateTest_ELTC062" tests="10" failures="0" timestamp="05 Feb 2019 12:35:04 GMT" time="76.917" errors="0">
  <testcase name="setUp" time="10.891" classname="com.training.functional.tests.TeacherCreateTest_ELTC062"/>
  <testcase name="validLoginTest" time="4.871" classname="com.training.functional.tests.TeacherCreateTest_ELTC062"/>
  <testcase name="teacherAddNewTest" time="28.627" classname="com.training.functional.tests.TeacherCreateTest_ELTC062"/>
  <testcase name="verifyTestCreatedMessage" time="0.422" classname="com.training.functional.tests.TeacherCreateTest_ELTC062"/>
  <testcase name="teacherAddFirstQuestionToTest" time="9.353" classname="com.training.functional.tests.TeacherCreateTest_ELTC062"/>
  <testcase name="verifyTestFirstQuestionAddedMessage" time="0.392" classname="com.training.functional.tests.TeacherCreateTest_ELTC062"/>
  <testcase name="teacherAddSecondQuestionToTest" time="8.101" classname="com.training.functional.tests.TeacherCreateTest_ELTC062"/>
  <testcase name="verifyTestSecondQuestionAddedMessage" time="0.367" classname="com.training.functional.tests.TeacherCreateTest_ELTC062"/>
  <testcase name="teacherPreviewAddTest" time="13.535" classname="com.training.functional.tests.TeacherCreateTest_ELTC062"/>
  <testcase name="verifyTestSubmittedMessage" time="0.358" classname="com.training.functional.tests.TeacherCreateTest_ELTC062"/>
</testsuite> <!-- com.training.functional.tests.TeacherCreateTest_ELTC062 -->
