<?xml version="1.0" encoding="UTF-8"?>
<!-- Generated by org.testng.reporters.JUnitReportReporter -->
<testsuite skipped="0" hostname="DESKTOP-MSUD20F" name="com.training.functional.tests.TeacherAddNewCourse_ELTC032" tests="5" failures="0" timestamp="23 Jan 2019 15:24:40 GMT" time="50.576" errors="0">
  <testcase name="setUp" time="18.599" classname="com.training.functional.tests.TeacherAddNewCourse_ELTC032"/>
  <testcase name="validLoginTest" time="8.149" classname="com.training.functional.tests.TeacherAddNewCourse_ELTC032"/>
  <testcase name="teacherAddNewCourse" time="21.620" classname="com.training.functional.tests.TeacherAddNewCourse_ELTC032"/>
  <testcase name="verifyIntroductionText" time="0.407" classname="com.training.functional.tests.TeacherAddNewCourse_ELTC032"/>
  <testcase name="tearDown" time="1.801" classname="com.training.functional.tests.TeacherAddNewCourse_ELTC032"/>
</testsuite> <!-- com.training.functional.tests.TeacherAddNewCourse_ELTC032 -->
