<?xml version="1.0" encoding="UTF-8"?>
<!-- Generated by org.testng.reporters.JUnitReportReporter -->
<testsuite skipped="0" hostname="DESKTOP-MSUD20F" name="com.training.functional.tests.StudentSubscribeandTakeAssessment_ELTC065" tests="3" failures="0" timestamp="04 Feb 2019 09:22:25 GMT" time="62.555" errors="0">
  <testcase name="setUp" time="10.605" classname="com.training.functional.tests.StudentSubscribeandTakeAssessment_ELTC065"/>
  <testcase name="validLoginTest" time="5.267" classname="com.training.functional.tests.StudentSubscribeandTakeAssessment_ELTC065"/>
  <testcase name="studentSubscribeCourseandTakeAssessment" time="46.683" classname="com.training.functional.tests.StudentSubscribeandTakeAssessment_ELTC065"/>
</testsuite> <!-- com.training.functional.tests.StudentSubscribeandTakeAssessment_ELTC065 -->
