<?xml version="1.0" encoding="UTF-8"?>
<!-- Generated by org.testng.reporters.JUnitReportReporter -->
<testsuite skipped="0" hostname="DESKTOP-MSUD20F" name="com.training.functional.tests.TeacherSendStrudentReport_ELTC063" tests="3" failures="0" timestamp="01 Feb 2019 09:34:26 GMT" time="43.788" errors="0">
  <testcase name="setUp" time="11.320" classname="com.training.functional.tests.TeacherSendStrudentReport_ELTC063"/>
  <testcase name="validLoginTest" time="4.848" classname="com.training.functional.tests.TeacherSendStrudentReport_ELTC063"/>
  <testcase name="teacherGenerateStudentReport" time="27.620" classname="com.training.functional.tests.TeacherSendStrudentReport_ELTC063"/>
</testsuite> <!-- com.training.functional.tests.TeacherSendStrudentReport_ELTC063 -->
