<?xml version="1.0" encoding="UTF-8"?>
<!-- Generated by org.testng.reporters.JUnitReportReporter -->
<testsuite skipped="0" hostname="DESKTOP-MSUD20F" name="com.training.functional.tests.StudentRegistration_ELTC031" tests="4" failures="0" timestamp="23 Jan 2019 18:02:46 GMT" time="25.136" errors="0">
  <testcase name="setUp" time="11.017" classname="com.training.functional.tests.StudentRegistration_ELTC031"/>
  <testcase name="studentRegistration" time="11.815" classname="com.training.functional.tests.StudentRegistration_ELTC031"/>
  <testcase name="messageVerification" time="0.556" classname="com.training.functional.tests.StudentRegistration_ELTC031"/>
  <testcase name="tearDown" time="1.748" classname="com.training.functional.tests.StudentRegistration_ELTC031"/>
</testsuite> <!-- com.training.functional.tests.StudentRegistration_ELTC031 -->
