<?xml version="1.0" encoding="UTF-8"?>
<!-- Generated by org.testng.reporters.JUnitReportReporter -->
<testsuite skipped="0" hostname="DESKTOP-MSUD20F" name="com.training.functional.tests.AdminSubscribeClassToCourse_ELTC035" tests="5" failures="0" timestamp="24 Jan 2019 10:07:33 GMT" time="37.220" errors="0">
  <testcase name="setUp" time="9.577" classname="com.training.functional.tests.AdminSubscribeClassToCourse_ELTC035"/>
  <testcase name="validLoginTest" time="4.020" classname="com.training.functional.tests.AdminSubscribeClassToCourse_ELTC035"/>
  <testcase name="adminSubscribeClassToCourse" time="19.885" classname="com.training.functional.tests.AdminSubscribeClassToCourse_ELTC035"/>
  <testcase name="verifyCourcesCount" time="1.872" classname="com.training.functional.tests.AdminSubscribeClassToCourse_ELTC035"/>
  <testcase name="tearDown" time="1.866" classname="com.training.functional.tests.AdminSubscribeClassToCourse_ELTC035"/>
</testsuite> <!-- com.training.functional.tests.AdminSubscribeClassToCourse_ELTC035 -->
