<?xml version="1.0" encoding="UTF-8"?>
<!-- Generated by org.testng.reporters.JUnitReportReporter -->
<testsuite skipped="0" hostname="DESKTOP-MSUD20F" name="com.training.functional.tests.TeacherGenerateStudentReport_ELTC064" tests="3" failures="0" timestamp="05 Feb 2019 12:36:53 GMT" time="43.018" errors="0">
  <testcase name="setUp" time="10.686" classname="com.training.functional.tests.TeacherGenerateStudentReport_ELTC064"/>
  <testcase name="validLoginTest" time="6.316" classname="com.training.functional.tests.TeacherGenerateStudentReport_ELTC064"/>
  <testcase name="teacherGenerateStudentReport" time="26.016" classname="com.training.functional.tests.TeacherGenerateStudentReport_ELTC064"/>
</testsuite> <!-- com.training.functional.tests.TeacherGenerateStudentReport_ELTC064 -->
