<?xml version="1.0" encoding="UTF-8"?>
<!-- Generated by org.testng.reporters.JUnitReportReporter -->
<testsuite skipped="0" hostname="DESKTOP-MSUD20F" name="com.training.functional.tests.StudentRegistration" tests="1" failures="0" timestamp="22 Jan 2019 10:57:07 GMT" time="21.195" errors="0">
  <testcase name="studentRegistration" time="21.195" classname="com.training.functional.tests.StudentRegistration"/>
</testsuite> <!-- com.training.functional.tests.StudentRegistration -->
