<?xml version="1.0" encoding="UTF-8"?>
<!-- Generated by org.testng.reporters.JUnitReportReporter -->
<testsuite skipped="0" hostname="DESKTOP-MSUD20F" name="com.training.functional.tests.StudentRegistrationWithDataProviders_ELTC92" tests="4" failures="0" timestamp="14 Feb 2019 06:35:10 GMT" time="125.707" errors="0">
  <testcase name="studentRegistration" time="45.213" classname="com.training.functional.tests.StudentRegistrationWithDataProviders_ELTC92"/>
  <testcase name="studentRegistration" time="16.237" classname="com.training.functional.tests.StudentRegistrationWithDataProviders_ELTC92"/>
  <testcase name="studentRegistration" time="15.459" classname="com.training.functional.tests.StudentRegistrationWithDataProviders_ELTC92"/>
  <testcase name="studentRegistration" time="48.798" classname="com.training.functional.tests.StudentRegistrationWithDataProviders_ELTC92"/>
</testsuite> <!-- com.training.functional.tests.StudentRegistrationWithDataProviders_ELTC92 -->
