<?xml version="1.0" encoding="UTF-8"?>
<!-- Generated by org.testng.reporters.JUnitReportReporter -->
<testsuite skipped="0" hostname="DESKTOP-MSUD20F" name="com.training.functional.tests.AdminCreateClass_ELTC034" tests="5" failures="0" timestamp="24 Jan 2019 09:02:07 GMT" time="32.678" errors="0">
  <testcase name="setUp" time="11.336" classname="com.training.functional.tests.AdminCreateClass_ELTC034"/>
  <testcase name="validLoginTest" time="4.205" classname="com.training.functional.tests.AdminCreateClass_ELTC034"/>
  <testcase name="adminCreateClass" time="9.745" classname="com.training.functional.tests.AdminCreateClass_ELTC034"/>
  <testcase name="verificationOfSuccessMessage" time="5.577" classname="com.training.functional.tests.AdminCreateClass_ELTC034"/>
  <testcase name="tearDown" time="1.815" classname="com.training.functional.tests.AdminCreateClass_ELTC034"/>
</testsuite> <!-- com.training.functional.tests.AdminCreateClass_ELTC034 -->
