<?xml version="1.0" encoding="UTF-8"?>
<!-- Generated by org.testng.reporters.JUnitReportReporter -->
<testsuite skipped="0" hostname="DESKTOP-MSUD20F" name="com.training.functional.tests.AdminCreateClass_ELTC034" tests="5" failures="0" timestamp="05 Feb 2019 08:34:25 GMT" time="41.279" errors="0">
  <testcase name="setUp" time="13.779" classname="com.training.functional.tests.AdminCreateClass_ELTC034"/>
  <testcase name="validLoginTest" time="7.951" classname="com.training.functional.tests.AdminCreateClass_ELTC034"/>
  <testcase name="adminCreateClass" time="13.774" classname="com.training.functional.tests.AdminCreateClass_ELTC034"/>
  <testcase name="verificationOfSuccessMessage" time="4.005" classname="com.training.functional.tests.AdminCreateClass_ELTC034"/>
  <testcase name="tearDown" time="1.770" classname="com.training.functional.tests.AdminCreateClass_ELTC034"/>
</testsuite> <!-- com.training.functional.tests.AdminCreateClass_ELTC034 -->
