<?xml version="1.0" encoding="UTF-8"?>
<!-- Generated by org.testng.reporters.JUnitReportReporter -->
<testsuite skipped="0" hostname="DESKTOP-MSUD20F" name="com.training.functional.tests.AdminSubscribeClassToCourse_ELTC035" tests="5" failures="0" timestamp="05 Feb 2019 11:15:01 GMT" time="47.058" errors="0">
  <testcase name="setUp" time="14.711" classname="com.training.functional.tests.AdminSubscribeClassToCourse_ELTC035"/>
  <testcase name="validLoginTest" time="4.406" classname="com.training.functional.tests.AdminSubscribeClassToCourse_ELTC035"/>
  <testcase name="adminSubscribeClassToCourse" time="25.615" classname="com.training.functional.tests.AdminSubscribeClassToCourse_ELTC035"/>
  <testcase name="verifyCourcesCount" time="0.531" classname="com.training.functional.tests.AdminSubscribeClassToCourse_ELTC035"/>
  <testcase name="tearDown" time="1.795" classname="com.training.functional.tests.AdminSubscribeClassToCourse_ELTC035"/>
</testsuite> <!-- com.training.functional.tests.AdminSubscribeClassToCourse_ELTC035 -->
