<?xml version="1.0" encoding="UTF-8"?>
<!-- Generated by org.testng.reporters.JUnitReportReporter -->
<testsuite skipped="0" hostname="DESKTOP-MSUD20F" name="com.training.functional.tests.StudentRegistrationWithDataProviders_ELTC091" tests="4" failures="0" timestamp="14 Feb 2019 06:31:10 GMT" time="63.174" errors="0">
  <testcase name="studentRegistration" time="14.803" classname="com.training.functional.tests.StudentRegistrationWithDataProviders_ELTC091"/>
  <testcase name="studentRegistration" time="16.344" classname="com.training.functional.tests.StudentRegistrationWithDataProviders_ELTC091"/>
  <testcase name="studentRegistration" time="16.233" classname="com.training.functional.tests.StudentRegistrationWithDataProviders_ELTC091"/>
  <testcase name="studentRegistration" time="15.794" classname="com.training.functional.tests.StudentRegistrationWithDataProviders_ELTC091"/>
</testsuite> <!-- com.training.functional.tests.StudentRegistrationWithDataProviders_ELTC091 -->
