<?xml version="1.0" encoding="UTF-8"?>
<!-- Generated by org.testng.reporters.JUnitReportReporter -->
<testsuite skipped="0" hostname="DESKTOP-MSUD20F" name="com.training.functional.tests.TeacherSendStrudentReport_ELTC063" tests="3" failures="0" timestamp="05 Feb 2019 12:36:00 GMT" time="42.883" errors="0">
  <testcase name="setUp" time="10.900" classname="com.training.functional.tests.TeacherSendStrudentReport_ELTC063"/>
  <testcase name="validLoginTest" time="5.728" classname="com.training.functional.tests.TeacherSendStrudentReport_ELTC063"/>
  <testcase name="teacherGenerateStudentReport" time="26.255" classname="com.training.functional.tests.TeacherSendStrudentReport_ELTC063"/>
</testsuite> <!-- com.training.functional.tests.TeacherSendStrudentReport_ELTC063 -->
