<?xml version="1.0" encoding="UTF-8"?>
<!-- Generated by org.testng.reporters.JUnitReportReporter -->
<testsuite skipped="0" hostname="DESKTOP-MSUD20F" name="com.training.functional.tests.TeacherGenerateStudentReport_ELTC064" tests="3" failures="0" timestamp="01 Feb 2019 08:35:51 GMT" time="45.900" errors="0">
  <testcase name="setUp" time="11.292" classname="com.training.functional.tests.TeacherGenerateStudentReport_ELTC064"/>
  <testcase name="validLoginTest" time="5.465" classname="com.training.functional.tests.TeacherGenerateStudentReport_ELTC064"/>
  <testcase name="teacherGenerateStudentReport" time="29.143" classname="com.training.functional.tests.TeacherGenerateStudentReport_ELTC064"/>
</testsuite> <!-- com.training.functional.tests.TeacherGenerateStudentReport_ELTC064 -->
