<?xml version="1.0" encoding="UTF-8"?>
<!-- Generated by org.testng.reporters.JUnitReportReporter -->
<testsuite skipped="0" hostname="DESKTOP-MSUD20F" name="com.training.functional.tests.AdminSubscribeClassToCourse_ELTC035" tests="5" failures="0" timestamp="05 Feb 2019 05:29:52 GMT" time="35.727" errors="0">
  <testcase name="setUp" time="9.159" classname="com.training.functional.tests.AdminSubscribeClassToCourse_ELTC035"/>
  <testcase name="validLoginTest" time="4.035" classname="com.training.functional.tests.AdminSubscribeClassToCourse_ELTC035"/>
  <testcase name="adminSubscribeClassToCourse" time="20.268" classname="com.training.functional.tests.AdminSubscribeClassToCourse_ELTC035"/>
  <testcase name="verifyCourcesCount" time="0.409" classname="com.training.functional.tests.AdminSubscribeClassToCourse_ELTC035"/>
  <testcase name="tearDown" time="1.856" classname="com.training.functional.tests.AdminSubscribeClassToCourse_ELTC035"/>
</testsuite> <!-- com.training.functional.tests.AdminSubscribeClassToCourse_ELTC035 -->
