<?xml version="1.0" encoding="UTF-8"?>
<!-- Generated by org.testng.reporters.JUnitReportReporter -->
<testsuite skipped="0" hostname="DESKTOP-MSUD20F" name="com.training.regression.tests.LoginDBTest" tests="2" failures="0" timestamp="13 Feb 2019 08:03:47 GMT" time="38.171" errors="0">
  <testcase name="loginDBTest" time="21.738" classname="com.training.regression.tests.LoginDBTest"/>
  <testcase name="loginDBTest" time="16.433" classname="com.training.regression.tests.LoginDBTest"/>
</testsuite> <!-- com.training.regression.tests.LoginDBTest -->
