<?xml version="1.0" encoding="UTF-8"?>
<!-- Generated by org.testng.reporters.JUnitReportReporter -->
<testsuite skipped="0" hostname="DESKTOP-MSUD20F" name="com.training.functional.tests.AdminCreateCourse_ELTC033" tests="4" failures="0" timestamp="24 Jan 2019 11:05:07 GMT" time="20.606" errors="0">
  <testcase name="setUp" time="9.434" classname="com.training.functional.tests.AdminCreateCourse_ELTC033"/>
  <testcase name="validLoginTest" time="3.846" classname="com.training.functional.tests.AdminCreateCourse_ELTC033"/>
  <testcase name="adminCreateCourse" time="5.532" classname="com.training.functional.tests.AdminCreateCourse_ELTC033"/>
  <testcase name="tearDown" time="1.794" classname="com.training.functional.tests.AdminCreateCourse_ELTC033"/>
</testsuite> <!-- com.training.functional.tests.AdminCreateCourse_ELTC033 -->
