<?xml version="1.0" encoding="UTF-8"?>
<!-- Generated by org.testng.reporters.JUnitReportReporter -->
<testsuite skipped="0" hostname="DESKTOP-MSUD20F" name="com.training.sanity.tests.LoginTests" tests="1" failures="0" timestamp="22 Jan 2019 05:10:38 GMT" time="15.575" errors="0">
  <testcase name="validLoginTest" time="15.575" classname="com.training.sanity.tests.LoginTests"/>
</testsuite> <!-- com.training.sanity.tests.LoginTests -->
